<?xml version="1.0" encoding="utf-8"?>
<shfbBuild product="Sandcastle Help File Builder and Tools" version="2015.10.10.0" projectFile="C:\Users\Nikos\OneDrive\Documents\test.shfbproj" started="13/04/2016 03:24:13 PM">
<buildStep step="Initializing">
Finding tools...
The Sandcastle tools are located in &#39;C:\Program Files (x86)\EWSoftware\Sandcastle Help File Builder\&#39;
Locating components in the following folder(s):
    C:\Users\Nikos\OneDrive\Documents
    C:\ProgramData\EWSoftware\Sandcastle Help File Builder\Components and Plug-Ins\
    C:\Program Files (x86)\EWSoftware\Sandcastle Help File Builder\
Framework reflection data location: C:\Program Files (x86)\EWSoftware\Sandcastle Help File Builder\Data\.NETFramework
Using presentation style &#39;VS2013&#39; located in &#39;C:\Program Files (x86)\EWSoftware\Sandcastle Help File Builder\PresentationStyles\VS2013&#39;
Loading and initializing plug-ins...
Lightweight Website Style Version 2015.10.10.0
Copyright &#169; 2006-2015, Eric Woodruff, All Rights Reserved
Portions Copyright &#169; 2014, Sam Harwell, All Rights Reserved
-------------------------------
Clearing any prior web/markdown output...
</buildStep>
<buildStep step="ValidatingDocumentationSources">
Validating and copying documentation source information
Source: E:\dev\sw\Yodiwo\APIs\Plegma\bin\Release\Yodiwo.API.Plegma.dll
    Found assembly &#39;E:\dev\sw\Yodiwo\APIs\Plegma\bin\Release\Yodiwo.API.Plegma.dll&#39;
Source: E:\dev\sw\Yodiwo\APIs\Plegma\bin\Release\Yodiwo.API.Plegma.xml

References to include (excluding framework assemblies):
    Newtonsoft.Json
    YodiwoSharp

Copying XML comments files
    E:\dev\sw\Yodiwo\APIs\Plegma\bin\Release\Yodiwo.API.Plegma.xml -&gt; C:\Users\Nikos\OneDrive\Documents\Help\Working\Yodiwo.API.Plegma.xml
</buildStep>
<buildStep step="GenerateSharedContent">
Generating shared content files (en-US, English (United States))...
<plugIn name="Lightweight Website Style" behavior="After" priority="1000">
</plugIn>    Last step completed in 00:00:00.0670
</buildStep>
<buildStep step="GenerateApiFilter">
Generating API filter for MRefBuilder...
    Last step completed in 00:00:00.0120
</buildStep>
<buildStep step="GenerateReflectionInfo">
Generating reflection information...
[C:\Windows\Microsoft.NET\Framework64\v4.0.30319\MSBuild.exe - GenerateRefInfo.proj]
Build started 13/04/2016 03:24:15 PM.
Project &quot;C:\Users\Nikos\OneDrive\Documents\Help\Working\GenerateRefInfo.proj&quot; on node 1 (default targets).
PrepareForBuild:
  Creating directory &quot;obj\Debug\&quot;.
GenerateRefInfo:
  MRefBuilder (v2015.10.10.0)
  Copyright c 2006-2015, Microsoft Corporation, All Rights Reserved.
  Portions Copyright c 2006-2015, Eric Woodruff, All Rights Reserved.
  Loaded 1 assemblies for reflection and 3 dependency assemblies.
  Wrote information on 2 namespaces, 108 types, and 684 members
  Copying file from &quot;reflection.org&quot; to &quot;reflection.all&quot;.
  XslTransform (v2015.10.10.0)
  Copyright c 2006-2015, Microsoft Corporation, All Rights Reserved.
  Portions Copyright c 2006-2015, Eric Woodruff, All Rights Reserved.
  Applying XSL transformation &#39;C:\Program Files (x86)\EWSoftware\Sandcastle Help File Builder\ProductionTransforms\MergeDuplicates.xsl&#39;.
Done Building Project &quot;C:\Users\Nikos\OneDrive\Documents\Help\Working\GenerateRefInfo.proj&quot; (default targets).

Build succeeded.

Time Elapsed 00:00:02.21
    Last step completed in 00:00:02.7645
</buildStep>
<buildStep step="TransformReflectionInfo">
Transforming reflection output...
[C:\Windows\Microsoft.NET\Framework64\v4.0.30319\MSBuild.exe - TransformManifest.proj]
Build started 13/04/2016 03:24:18 PM.
Project &quot;C:\Users\Nikos\OneDrive\Documents\Help\Working\TransformManifest.proj&quot; on node 1 (default targets).
TransformManifest:
  XslTransform (v2015.10.10.0)
  Copyright c 2006-2015, Microsoft Corporation, All Rights Reserved.
  Portions Copyright c 2006-2015, Eric Woodruff, All Rights Reserved.
  Applying XSL transformation &#39;C:\Program Files (x86)\EWSoftware\Sandcastle Help File Builder\\ProductionTransforms\ApplyVSDocModel.xsl&#39;.
  Copying file from &quot;reflection.xml&quot; to &quot;reflection.nofilenames&quot;.
  XslTransform (v2015.10.10.0)
  Copyright c 2006-2015, Microsoft Corporation, All Rights Reserved.
  Portions Copyright c 2006-2015, Eric Woodruff, All Rights Reserved.
  Applying XSL transformation &#39;C:\Program Files (x86)\EWSoftware\Sandcastle Help File Builder\ProductionTransforms\AddFilenames.xsl&#39;.
    Unique name M_Yodiwo_API_Plegma_ActivePortKeysMsg__ctor_1 generated for M:Yodiwo.API.Plegma.ActivePortKeysMsg.#ctor(System.Int32)
    Unique name M_Yodiwo_API_Plegma_BinaryResourceDescriptor__ctor_1 generated for M:Yodiwo.API.Plegma.BinaryResourceDescriptor.#ctor(System.String,Yodiwo.API.Plegma.BinaryResourceContentType,Yodiwo.API.Plegma.BinaryResourceLocationType,System.Object,System.Object,System.Int32,System.String)
    Unique name M_Yodiwo_API_Plegma_BlockKey_Equals_1 generated for M:Yodiwo.API.Plegma.BlockKey.Equals(Yodiwo.API.Plegma.BlockKey)
    Unique name M_Yodiwo_API_Plegma_BlockKey_Equals_2 generated for M:Yodiwo.API.Plegma.BlockKey.Equals(Yodiwo.API.Plegma.BlockKey@)
    Unique name M_Yodiwo_API_Plegma_BlockKey_op_Implicit_1 generated for M:Yodiwo.API.Plegma.BlockKey.op_Implicit(Yodiwo.API.Plegma.BlockKey)~System.String
    Unique name M_Yodiwo_API_Plegma_DriverKey_Equals_1 generated for M:Yodiwo.API.Plegma.DriverKey.Equals(Yodiwo.API.Plegma.DriverKey)
    Unique name M_Yodiwo_API_Plegma_DriverKey_Equals_2 generated for M:Yodiwo.API.Plegma.DriverKey.Equals(Yodiwo.API.Plegma.DriverKey@)
    Unique name M_Yodiwo_API_Plegma_DriverKey_op_Implicit_1 generated for M:Yodiwo.API.Plegma.DriverKey.op_Implicit(Yodiwo.API.Plegma.DriverKey)~System.String
    Unique name M_Yodiwo_API_Plegma_EndpointSyncReq__ctor_1 generated for M:Yodiwo.API.Plegma.EndpointSyncReq.#ctor(System.Int32)
    Unique name M_Yodiwo_API_Plegma_EndpointSyncRsp__ctor_1 generated for M:Yodiwo.API.Plegma.EndpointSyncRsp.#ctor(System.Int32)
    Unique name M_Yodiwo_API_Plegma_GraphDescriptorBaseKey_Equals_1 generated for M:Yodiwo.API.Plegma.GraphDescriptorBaseKey.Equals(Yodiwo.API.Plegma.GraphDescriptorBaseKey)
    Unique name M_Yodiwo_API_Plegma_GraphDescriptorBaseKey_Equals_2 generated for M:Yodiwo.API.Plegma.GraphDescriptorBaseKey.Equals(Yodiwo.API.Plegma.GraphDescriptorBaseKey@)
    Unique name M_Yodiwo_API_Plegma_GraphDescriptorBaseKey_Equals_3 generated for M:Yodiwo.API.Plegma.GraphDescriptorBaseKey.Equals(Yodiwo.API.Plegma.GraphDescriptorKey)
    Unique name M_Yodiwo_API_Plegma_GraphDescriptorBaseKey_Equals_4 generated for M:Yodiwo.API.Plegma.GraphDescriptorBaseKey.Equals(Yodiwo.API.Plegma.GraphDescriptorKey@)
    Unique name M_Yodiwo_API_Plegma_GraphDescriptorBaseKey_op_Equality_1 generated for M:Yodiwo.API.Plegma.GraphDescriptorBaseKey.op_Equality(Yodiwo.API.Plegma.GraphDescriptorBaseKey,Yodiwo.API.Plegma.GraphDescriptorKey)
    Unique name M_Yodiwo_API_Plegma_GraphDescriptorBaseKey_op_Implicit_1 generated for M:Yodiwo.API.Plegma.GraphDescriptorBaseKey.op_Implicit(Yodiwo.API.Plegma.GraphDescriptorBaseKey)~System.String
    Unique name M_Yodiwo_API_Plegma_GraphDescriptorBaseKey_op_Implicit_2 generated for M:Yodiwo.API.Plegma.GraphDescriptorBaseKey.op_Implicit(Yodiwo.API.Plegma.GraphDescriptorKey)~Yodiwo.API.Plegma.GraphDescriptorBaseKey
    Unique name M_Yodiwo_API_Plegma_GraphDescriptorBaseKey_op_Inequality_1 generated for M:Yodiwo.API.Plegma.GraphDescriptorBaseKey.op_Inequality(Yodiwo.API.Plegma.GraphDescriptorBaseKey,Yodiwo.API.Plegma.GraphDescriptorKey)
    Unique name M_Yodiwo_API_Plegma_GraphDescriptorKey__ctor_1 generated for M:Yodiwo.API.Plegma.GraphDescriptorKey.#ctor(Yodiwo.API.Plegma.UserKey,System.String,System.Int32)
    Unique name M_Yodiwo_API_Plegma_GraphDescriptorKey_Equals_1 generated for M:Yodiwo.API.Plegma.GraphDescriptorKey.Equals(Yodiwo.API.Plegma.GraphDescriptorKey)
    Unique name M_Yodiwo_API_Plegma_GraphDescriptorKey_Equals_2 generated for M:Yodiwo.API.Plegma.GraphDescriptorKey.Equals(Yodiwo.API.Plegma.GraphDescriptorKey@)
    Unique name M_Yodiwo_API_Plegma_GraphDescriptorKey_op_Implicit_1 generated for M:Yodiwo.API.Plegma.GraphDescriptorKey.op_Implicit(Yodiwo.API.Plegma.GraphDescriptorKey)~System.String
    Unique name M_Yodiwo_API_Plegma_GraphKey_Equals_1 generated for M:Yodiwo.API.Plegma.GraphKey.Equals(Yodiwo.API.Plegma.GraphKey)
    Unique name M_Yodiwo_API_Plegma_GraphKey_Equals_2 generated for M:Yodiwo.API.Plegma.GraphKey.Equals(Yodiwo.API.Plegma.GraphKey@)
    Unique name M_Yodiwo_API_Plegma_GraphKey_op_Implicit_1 generated for M:Yodiwo.API.Plegma.GraphKey.op_Implicit(Yodiwo.API.Plegma.GraphKey)~System.String
    Unique name M_Yodiwo_API_Plegma_GroupKey_Equals_1 generated for M:Yodiwo.API.Plegma.GroupKey.Equals(Yodiwo.API.Plegma.GroupKey)
    Unique name M_Yodiwo_API_Plegma_GroupKey_Equals_2 generated for M:Yodiwo.API.Plegma.GroupKey.Equals(Yodiwo.API.Plegma.GroupKey@)
    Unique name M_Yodiwo_API_Plegma_GroupKey_op_Implicit_1 generated for M:Yodiwo.API.Plegma.GroupKey.op_Implicit(Yodiwo.API.Plegma.GroupKey)~System.String
    Unique name M_Yodiwo_API_Plegma_NodeInfoReq__ctor_1 generated for M:Yodiwo.API.Plegma.NodeInfoReq.#ctor(System.Int32)
    Unique name M_Yodiwo_API_Plegma_NodeInfoRsp__ctor_1 generated for M:Yodiwo.API.Plegma.NodeInfoRsp.#ctor(System.Int32)
    Unique name M_Yodiwo_API_Plegma_NodeKey__ctor_1 generated for M:Yodiwo.API.Plegma.NodeKey.#ctor(System.String,System.UInt32)
    Unique name M_Yodiwo_API_Plegma_NodeKey__ctor_2 generated for M:Yodiwo.API.Plegma.NodeKey.#ctor(Yodiwo.API.Plegma.UserKey,System.UInt32)
    Unique name M_Yodiwo_API_Plegma_NodeKey_Equals_1 generated for M:Yodiwo.API.Plegma.NodeKey.Equals(Yodiwo.API.Plegma.NodeKey)
    Unique name M_Yodiwo_API_Plegma_NodeKey_Equals_2 generated for M:Yodiwo.API.Plegma.NodeKey.Equals(Yodiwo.API.Plegma.NodeKey@)
    Unique name M_Yodiwo_API_Plegma_NodeKey_op_Implicit_1 generated for M:Yodiwo.API.Plegma.NodeKey.op_Implicit(Yodiwo.API.Plegma.NodeKey)~System.String
    Unique name M_Yodiwo_API_Plegma_NodeUnpairedReq__ctor_1 generated for M:Yodiwo.API.Plegma.NodeUnpairedReq.#ctor(System.Int32)
    Unique name M_Yodiwo_API_Plegma_Port__ctor_1 generated for M:Yodiwo.API.Plegma.Port.#ctor(Yodiwo.API.Plegma.PortKey,Yodiwo.API.Plegma.ePortType,Yodiwo.API.Plegma.ioPortDirection)
    Unique name M_Yodiwo_API_Plegma_PortEvent__ctor_1 generated for M:Yodiwo.API.Plegma.PortEvent.#ctor(System.String,System.String,System.UInt32,System.UInt64)
    Unique name M_Yodiwo_API_Plegma_PortEventMsg__ctor_1 generated for M:Yodiwo.API.Plegma.PortEventMsg.#ctor(System.Int32)
    Unique name M_Yodiwo_API_Plegma_PortEventMsg__ctor_2 generated for M:Yodiwo.API.Plegma.PortEventMsg.#ctor(System.Int32,Yodiwo.API.Plegma.PortEvent)
    Unique name M_Yodiwo_API_Plegma_PortKey__ctor_1 generated for M:Yodiwo.API.Plegma.PortKey.#ctor(Yodiwo.API.Plegma.Thing,System.String)
    Unique name M_Yodiwo_API_Plegma_PortKey__ctor_2 generated for M:Yodiwo.API.Plegma.PortKey.#ctor(Yodiwo.API.Plegma.ThingKey,System.String)
    Unique name M_Yodiwo_API_Plegma_PortKey_Equals_1 generated for M:Yodiwo.API.Plegma.PortKey.Equals(Yodiwo.API.Plegma.PortKey)
    Unique name M_Yodiwo_API_Plegma_PortKey_Equals_2 generated for M:Yodiwo.API.Plegma.PortKey.Equals(Yodiwo.API.Plegma.PortKey@)
    Unique name M_Yodiwo_API_Plegma_PortKey_op_Implicit_1 generated for M:Yodiwo.API.Plegma.PortKey.op_Implicit(Yodiwo.API.Plegma.PortKey)~System.String
    Unique name M_Yodiwo_API_Plegma_PortState__ctor_1 generated for M:Yodiwo.API.Plegma.PortState.#ctor(System.String,System.String,System.UInt32,System.Boolean)
    Unique name M_Yodiwo_API_Plegma_PortStateGet__ctor_1 generated for M:Yodiwo.API.Plegma.PortStateGet.#ctor(System.Int32)
    Unique name M_Yodiwo_API_Plegma_Thing__ctor_1 generated for M:Yodiwo.API.Plegma.Thing.#ctor(System.String,System.Collections.Generic.List{Yodiwo.API.Plegma.Port},Yodiwo.API.Plegma.NodeKey)
    Unique name M_Yodiwo_API_Plegma_Thing__ctor_2 generated for M:Yodiwo.API.Plegma.Thing.#ctor(Yodiwo.API.Plegma.ThingKey)
    Unique name M_Yodiwo_API_Plegma_Thing__ctor_3 generated for M:Yodiwo.API.Plegma.Thing.#ctor(Yodiwo.API.Plegma.ThingKey,System.Collections.Generic.List{Yodiwo.API.Plegma.Port})
    Unique name M_Yodiwo_API_Plegma_Thing_GetPort_1 generated for M:Yodiwo.API.Plegma.Thing.GetPort(Yodiwo.API.Plegma.PortKey)
    Unique name M_Yodiwo_API_Plegma_ThingKey__ctor_1 generated for M:Yodiwo.API.Plegma.ThingKey.#ctor(Yodiwo.API.Plegma.NodeKey,System.String)
    Unique name M_Yodiwo_API_Plegma_ThingKey__ctor_2 generated for M:Yodiwo.API.Plegma.ThingKey.#ctor(Yodiwo.API.Plegma.NodeKey,System.UInt32,System.UInt32)
    Unique name M_Yodiwo_API_Plegma_ThingKey_BuildFromArbitraryString_1 generated for M:Yodiwo.API.Plegma.ThingKey.BuildFromArbitraryString(System.String,System.String)
    Unique name M_Yodiwo_API_Plegma_ThingKey_Equals_1 generated for M:Yodiwo.API.Plegma.ThingKey.Equals(Yodiwo.API.Plegma.ThingKey)
    Unique name M_Yodiwo_API_Plegma_ThingKey_Equals_2 generated for M:Yodiwo.API.Plegma.ThingKey.Equals(Yodiwo.API.Plegma.ThingKey@)
    Unique name M_Yodiwo_API_Plegma_ThingKey_op_Implicit_1 generated for M:Yodiwo.API.Plegma.ThingKey.op_Implicit(Yodiwo.API.Plegma.ThingKey)~System.String
    Unique name M_Yodiwo_API_Plegma_ThingsGet__ctor_1 generated for M:Yodiwo.API.Plegma.ThingsGet.#ctor(System.Int32)
    Unique name M_Yodiwo_API_Plegma_ThingType_Equals_1 generated for M:Yodiwo.API.Plegma.ThingType.Equals(Yodiwo.API.Plegma.ThingType)
    Unique name M_Yodiwo_API_Plegma_UserKey_Equals_1 generated for M:Yodiwo.API.Plegma.UserKey.Equals(Yodiwo.API.Plegma.UserKey)
    Unique name M_Yodiwo_API_Plegma_UserKey_Equals_2 generated for M:Yodiwo.API.Plegma.UserKey.Equals(Yodiwo.API.Plegma.UserKey@)
    Unique name M_Yodiwo_API_Plegma_UserKey_op_Implicit_1 generated for M:Yodiwo.API.Plegma.UserKey.op_Implicit(Yodiwo.API.Plegma.UserKey)~System.String
    Unique name M_Yodiwo_API_Plegma_VirtualBlockEventMsg__ctor_1 generated for M:Yodiwo.API.Plegma.VirtualBlockEventMsg.#ctor(System.Int32)
    Unique name M_Yodiwo_API_Plegma_VirtualBlockEventMsg__ctor_2 generated for M:Yodiwo.API.Plegma.VirtualBlockEventMsg.#ctor(System.Int32,Yodiwo.API.Plegma.VirtualBlockEvent)
    Unique name M_Yodiwo_API_Plegma_NodePairing_PairingNodeGetKeysRequest__ctor_1 generated for M:Yodiwo.API.Plegma.NodePairing.PairingNodeGetKeysRequest.#ctor(System.String,System.String)
    Unique name M_Yodiwo_API_Plegma_NodePairing_PairingNodePhase1Response__ctor_1 generated for M:Yodiwo.API.Plegma.NodePairing.PairingNodePhase1Response.#ctor(System.String,System.String)
    Unique name M_Yodiwo_API_Plegma_NodePairing_PairingServerKeysResponse__ctor_1 generated for M:Yodiwo.API.Plegma.NodePairing.PairingServerKeysResponse.#ctor(System.String,System.String)
    Unique name M_Yodiwo_API_Plegma_NodePairing_PairingServerTokensResponse__ctor_1 generated for M:Yodiwo.API.Plegma.NodePairing.PairingServerTokensResponse.#ctor(System.String,System.String)
  XslTransform (v2015.10.10.0)
  Copyright c 2006-2015, Microsoft Corporation, All Rights Reserved.
  Portions Copyright c 2006-2015, Eric Woodruff, All Rights Reserved.
  Applying XSL transformation &#39;C:\Program Files (x86)\EWSoftware\Sandcastle Help File Builder\ProductionTransforms\ReflectionToManifest.xsl&#39;.
Done Building Project &quot;C:\Users\Nikos\OneDrive\Documents\Help\Working\TransformManifest.proj&quot; (default targets).

Build succeeded.

Time Elapsed 00:00:01.62
    Last step completed in 00:00:02.0113
</buildStep>
<buildStep step="GenerateNamespaceSummaries">
Generating namespace summary information...
    Last step completed in 00:00:00.0727
</buildStep>
<buildStep step="CopyAdditionalContent">
Copying additional content files...
No additional content to copy
    Last step completed in 00:00:00.0050
</buildStep>
<buildStep step="MergeTablesOfContents">
Merging conceptual and additional tables of contents...
    Last step completed in 00:00:00.0005
</buildStep>
<buildStep step="GenerateIntermediateTableOfContents">
Generating intermediate table of contents file...
[C:\Windows\Microsoft.NET\Framework64\v4.0.30319\MSBuild.exe - GenerateIntermediateTOC.proj]
Build started 13/04/2016 03:24:20 PM.
Project &quot;C:\Users\Nikos\OneDrive\Documents\Help\Working\GenerateIntermediateTOC.proj&quot; on node 1 (default targets).
GenerateIntermediateTOC:
  XslTransform (v2015.10.10.0)
  Copyright c 2006-2015, Microsoft Corporation, All Rights Reserved.
  Portions Copyright c 2006-2015, Eric Woodruff, All Rights Reserved.
  Applying XSL transformation &#39;C:\Program Files (x86)\EWSoftware\Sandcastle Help File Builder\\ProductionTransforms\CreateVSToc.xsl&#39;.
Done Building Project &quot;C:\Users\Nikos\OneDrive\Documents\Help\Working\GenerateIntermediateTOC.proj&quot; (default targets).

Build succeeded.

Time Elapsed 00:00:00.77
Generating conceptual content intermediate TOC file...
    Last step completed in 00:00:01.1988
</buildStep>
<buildStep step="CreateBuildAssemblerConfigs">
Creating Sandcastle configuration files...
    sandcastle.config
    Last step completed in 00:00:00.4225
</buildStep>
<buildStep step="MergeCustomConfigs">
Merging custom build component configurations
C:\Users\Nikos\OneDrive\Documents\Help\Working\sandcastle.config
    Last step completed in 00:00:00.0190
</buildStep>
<buildStep step="BuildReferenceTopics">
Building reference help topics...
[C:\Windows\Microsoft.NET\Framework64\v4.0.30319\MSBuild.exe - BuildReferenceTopics.proj]
Build started 13/04/2016 03:24:22 PM.
Project &quot;C:\Users\Nikos\OneDrive\Documents\Help\Working\BuildReferenceTopics.proj&quot; on node 1 (default targets).
BuildReferenceTopics:
  BuildAssembler (v2015.10.10.0)
  Copyright c 2006-2015, Microsoft Corporation, All Rights Reserved.
  Portions Copyright c 2006-2015, Eric Woodruff, All Rights Reserved.
  Loading configuration...
  Processing topics...
  Processed 962 topic(s)
  CopyFromIndexComponent: &quot;reflection&quot; in-memory cache entries used: 5 of 15.
  CopyFromIndexComponent: &quot;comments&quot; in-memory cache entries used: 3 of 30.
Done Building Project &quot;C:\Users\Nikos\OneDrive\Documents\Help\Working\BuildReferenceTopics.proj&quot; (default targets).

Build succeeded.

Time Elapsed 00:00:29.21
    Last step completed in 00:00:29.6417
</buildStep>
<buildStep step="CombiningIntermediateTocFiles">
Combining conceptual and API intermediate TOC files...
    Last step completed in 00:00:00.0180
</buildStep>
<buildStep step="ExtractingHtmlInfo">
Extracting HTML info for HTML Help 1 and/or website...
[C:\Windows\Microsoft.NET\Framework64\v4.0.30319\MSBuild.exe - ExtractHtmlInfo.proj]
Sandcastle Help File Builder and Tools, version 2015.10.10.0
Copyright c 2006-2015, Eric Woodruff, All Rights Reserved
E-Mail: Eric@EWoodruff.us

Using LCID &#39;1033&#39;, code page &#39;65001&#39;, encoding charset &#39;UTF-8&#39;.

Processing website files in C:\Users\Nikos\OneDrive\Documents\Help\Working\Output\Website
Processed 962 HTML files
Sorting keywords and generating See Also indices
Saving website keyword index to C:\Users\Nikos\OneDrive\Documents\Help\Working\WebKI.xml
Saving website table of contents to C:\Users\Nikos\OneDrive\Documents\Help\Working\WebTOC.xml
    Last step completed in 00:00:07.7570
</buildStep>
<buildStep step="CopyStandardHelpContent">
Copying standard help content...
C:\Program Files (x86)\EWSoftware\Sandcastle Help File Builder\PresentationStyles\VS2013\icons\AlertCaution.png -&gt; C:\Users\Nikos\OneDrive\Documents\Help\Working\Output\Website\icons\AlertCaution.png
C:\Program Files (x86)\EWSoftware\Sandcastle Help File Builder\PresentationStyles\VS2013\icons\AlertNote.png -&gt; C:\Users\Nikos\OneDrive\Documents\Help\Working\Output\Website\icons\AlertNote.png
C:\Program Files (x86)\EWSoftware\Sandcastle Help File Builder\PresentationStyles\VS2013\icons\AlertSecurity.png -&gt; C:\Users\Nikos\OneDrive\Documents\Help\Working\Output\Website\icons\AlertSecurity.png
C:\Program Files (x86)\EWSoftware\Sandcastle Help File Builder\PresentationStyles\VS2013\icons\CFW.gif -&gt; C:\Users\Nikos\OneDrive\Documents\Help\Working\Output\Website\icons\CFW.gif
C:\Program Files (x86)\EWSoftware\Sandcastle Help File Builder\PresentationStyles\VS2013\icons\CodeExample.png -&gt; C:\Users\Nikos\OneDrive\Documents\Help\Working\Output\Website\icons\CodeExample.png
C:\Program Files (x86)\EWSoftware\Sandcastle Help File Builder\PresentationStyles\VS2013\icons\favicon.ico -&gt; C:\Users\Nikos\OneDrive\Documents\Help\Working\Output\Website\icons\favicon.ico
C:\Program Files (x86)\EWSoftware\Sandcastle Help File Builder\PresentationStyles\VS2013\icons\privclass.gif -&gt; C:\Users\Nikos\OneDrive\Documents\Help\Working\Output\Website\icons\privclass.gif
C:\Program Files (x86)\EWSoftware\Sandcastle Help File Builder\PresentationStyles\VS2013\icons\privdelegate.gif -&gt; C:\Users\Nikos\OneDrive\Documents\Help\Working\Output\Website\icons\privdelegate.gif
C:\Program Files (x86)\EWSoftware\Sandcastle Help File Builder\PresentationStyles\VS2013\icons\privenumeration.gif -&gt; C:\Users\Nikos\OneDrive\Documents\Help\Working\Output\Website\icons\privenumeration.gif
C:\Program Files (x86)\EWSoftware\Sandcastle Help File Builder\PresentationStyles\VS2013\icons\privevent.gif -&gt; C:\Users\Nikos\OneDrive\Documents\Help\Working\Output\Website\icons\privevent.gif
C:\Program Files (x86)\EWSoftware\Sandcastle Help File Builder\PresentationStyles\VS2013\icons\privextension.gif -&gt; C:\Users\Nikos\OneDrive\Documents\Help\Working\Output\Website\icons\privextension.gif
C:\Program Files (x86)\EWSoftware\Sandcastle Help File Builder\PresentationStyles\VS2013\icons\privfield.gif -&gt; C:\Users\Nikos\OneDrive\Documents\Help\Working\Output\Website\icons\privfield.gif
C:\Program Files (x86)\EWSoftware\Sandcastle Help File Builder\PresentationStyles\VS2013\icons\privinterface.gif -&gt; C:\Users\Nikos\OneDrive\Documents\Help\Working\Output\Website\icons\privinterface.gif
C:\Program Files (x86)\EWSoftware\Sandcastle Help File Builder\PresentationStyles\VS2013\icons\privmethod.gif -&gt; C:\Users\Nikos\OneDrive\Documents\Help\Working\Output\Website\icons\privmethod.gif
C:\Program Files (x86)\EWSoftware\Sandcastle Help File Builder\PresentationStyles\VS2013\icons\privproperty.gif -&gt; C:\Users\Nikos\OneDrive\Documents\Help\Working\Output\Website\icons\privproperty.gif
C:\Program Files (x86)\EWSoftware\Sandcastle Help File Builder\PresentationStyles\VS2013\icons\privstructure.gif -&gt; C:\Users\Nikos\OneDrive\Documents\Help\Working\Output\Website\icons\privstructure.gif
C:\Program Files (x86)\EWSoftware\Sandcastle Help File Builder\PresentationStyles\VS2013\icons\protclass.gif -&gt; C:\Users\Nikos\OneDrive\Documents\Help\Working\Output\Website\icons\protclass.gif
C:\Program Files (x86)\EWSoftware\Sandcastle Help File Builder\PresentationStyles\VS2013\icons\protdelegate.gif -&gt; C:\Users\Nikos\OneDrive\Documents\Help\Working\Output\Website\icons\protdelegate.gif
C:\Program Files (x86)\EWSoftware\Sandcastle Help File Builder\PresentationStyles\VS2013\icons\protenumeration.gif -&gt; C:\Users\Nikos\OneDrive\Documents\Help\Working\Output\Website\icons\protenumeration.gif
C:\Program Files (x86)\EWSoftware\Sandcastle Help File Builder\PresentationStyles\VS2013\icons\protevent.gif -&gt; C:\Users\Nikos\OneDrive\Documents\Help\Working\Output\Website\icons\protevent.gif
C:\Program Files (x86)\EWSoftware\Sandcastle Help File Builder\PresentationStyles\VS2013\icons\protextension.gif -&gt; C:\Users\Nikos\OneDrive\Documents\Help\Working\Output\Website\icons\protextension.gif
C:\Program Files (x86)\EWSoftware\Sandcastle Help File Builder\PresentationStyles\VS2013\icons\protfield.gif -&gt; C:\Users\Nikos\OneDrive\Documents\Help\Working\Output\Website\icons\protfield.gif
C:\Program Files (x86)\EWSoftware\Sandcastle Help File Builder\PresentationStyles\VS2013\icons\protinterface.gif -&gt; C:\Users\Nikos\OneDrive\Documents\Help\Working\Output\Website\icons\protinterface.gif
C:\Program Files (x86)\EWSoftware\Sandcastle Help File Builder\PresentationStyles\VS2013\icons\protmethod.gif -&gt; C:\Users\Nikos\OneDrive\Documents\Help\Working\Output\Website\icons\protmethod.gif
C:\Program Files (x86)\EWSoftware\Sandcastle Help File Builder\PresentationStyles\VS2013\icons\protoperator.gif -&gt; C:\Users\Nikos\OneDrive\Documents\Help\Working\Output\Website\icons\protoperator.gif
C:\Program Files (x86)\EWSoftware\Sandcastle Help File Builder\PresentationStyles\VS2013\icons\protproperty.gif -&gt; C:\Users\Nikos\OneDrive\Documents\Help\Working\Output\Website\icons\protproperty.gif
C:\Program Files (x86)\EWSoftware\Sandcastle Help File Builder\PresentationStyles\VS2013\icons\protstructure.gif -&gt; C:\Users\Nikos\OneDrive\Documents\Help\Working\Output\Website\icons\protstructure.gif
C:\Program Files (x86)\EWSoftware\Sandcastle Help File Builder\PresentationStyles\VS2013\icons\pubclass.gif -&gt; C:\Users\Nikos\OneDrive\Documents\Help\Working\Output\Website\icons\pubclass.gif
C:\Program Files (x86)\EWSoftware\Sandcastle Help File Builder\PresentationStyles\VS2013\icons\pubdelegate.gif -&gt; C:\Users\Nikos\OneDrive\Documents\Help\Working\Output\Website\icons\pubdelegate.gif
C:\Program Files (x86)\EWSoftware\Sandcastle Help File Builder\PresentationStyles\VS2013\icons\pubenumeration.gif -&gt; C:\Users\Nikos\OneDrive\Documents\Help\Working\Output\Website\icons\pubenumeration.gif
C:\Program Files (x86)\EWSoftware\Sandcastle Help File Builder\PresentationStyles\VS2013\icons\pubevent.gif -&gt; C:\Users\Nikos\OneDrive\Documents\Help\Working\Output\Website\icons\pubevent.gif
C:\Program Files (x86)\EWSoftware\Sandcastle Help File Builder\PresentationStyles\VS2013\icons\pubextension.gif -&gt; C:\Users\Nikos\OneDrive\Documents\Help\Working\Output\Website\icons\pubextension.gif
C:\Program Files (x86)\EWSoftware\Sandcastle Help File Builder\PresentationStyles\VS2013\icons\pubfield.gif -&gt; C:\Users\Nikos\OneDrive\Documents\Help\Working\Output\Website\icons\pubfield.gif
C:\Program Files (x86)\EWSoftware\Sandcastle Help File Builder\PresentationStyles\VS2013\icons\pubinterface.gif -&gt; C:\Users\Nikos\OneDrive\Documents\Help\Working\Output\Website\icons\pubinterface.gif
C:\Program Files (x86)\EWSoftware\Sandcastle Help File Builder\PresentationStyles\VS2013\icons\pubmethod.gif -&gt; C:\Users\Nikos\OneDrive\Documents\Help\Working\Output\Website\icons\pubmethod.gif
C:\Program Files (x86)\EWSoftware\Sandcastle Help File Builder\PresentationStyles\VS2013\icons\puboperator.gif -&gt; C:\Users\Nikos\OneDrive\Documents\Help\Working\Output\Website\icons\puboperator.gif
C:\Program Files (x86)\EWSoftware\Sandcastle Help File Builder\PresentationStyles\VS2013\icons\pubproperty.gif -&gt; C:\Users\Nikos\OneDrive\Documents\Help\Working\Output\Website\icons\pubproperty.gif
C:\Program Files (x86)\EWSoftware\Sandcastle Help File Builder\PresentationStyles\VS2013\icons\pubstructure.gif -&gt; C:\Users\Nikos\OneDrive\Documents\Help\Working\Output\Website\icons\pubstructure.gif
C:\Program Files (x86)\EWSoftware\Sandcastle Help File Builder\PresentationStyles\VS2013\icons\SectionCollapsed.png -&gt; C:\Users\Nikos\OneDrive\Documents\Help\Working\Output\Website\icons\SectionCollapsed.png
C:\Program Files (x86)\EWSoftware\Sandcastle Help File Builder\PresentationStyles\VS2013\icons\SectionExpanded.png -&gt; C:\Users\Nikos\OneDrive\Documents\Help\Working\Output\Website\icons\SectionExpanded.png
C:\Program Files (x86)\EWSoftware\Sandcastle Help File Builder\PresentationStyles\VS2013\icons\slMobile.gif -&gt; C:\Users\Nikos\OneDrive\Documents\Help\Working\Output\Website\icons\slMobile.gif
C:\Program Files (x86)\EWSoftware\Sandcastle Help File Builder\PresentationStyles\VS2013\icons\static.gif -&gt; C:\Users\Nikos\OneDrive\Documents\Help\Working\Output\Website\icons\static.gif
C:\Program Files (x86)\EWSoftware\Sandcastle Help File Builder\PresentationStyles\VS2013\icons\xna.gif -&gt; C:\Users\Nikos\OneDrive\Documents\Help\Working\Output\Website\icons\xna.gif
C:\Program Files (x86)\EWSoftware\Sandcastle Help File Builder\PresentationStyles\VS2013\scripts\branding.js -&gt; C:\Users\Nikos\OneDrive\Documents\Help\Working\Output\Website\scripts\branding.js
C:\Program Files (x86)\EWSoftware\Sandcastle Help File Builder\PresentationStyles\VS2013\styles\branding-cs-CZ.css -&gt; C:\Users\Nikos\OneDrive\Documents\Help\Working\Output\Website\styles\branding-cs-CZ.css
C:\Program Files (x86)\EWSoftware\Sandcastle Help File Builder\PresentationStyles\VS2013\styles\branding-de-DE.css -&gt; C:\Users\Nikos\OneDrive\Documents\Help\Working\Output\Website\styles\branding-de-DE.css
C:\Program Files (x86)\EWSoftware\Sandcastle Help File Builder\PresentationStyles\VS2013\styles\branding-en-US.css -&gt; C:\Users\Nikos\OneDrive\Documents\Help\Working\Output\Website\styles\branding-en-US.css
C:\Program Files (x86)\EWSoftware\Sandcastle Help File Builder\PresentationStyles\VS2013\styles\branding-es-ES.css -&gt; C:\Users\Nikos\OneDrive\Documents\Help\Working\Output\Website\styles\branding-es-ES.css
C:\Program Files (x86)\EWSoftware\Sandcastle Help File Builder\PresentationStyles\VS2013\styles\branding-fr-FR.css -&gt; C:\Users\Nikos\OneDrive\Documents\Help\Working\Output\Website\styles\branding-fr-FR.css
C:\Program Files (x86)\EWSoftware\Sandcastle Help File Builder\PresentationStyles\VS2013\styles\branding-Help1.css -&gt; C:\Users\Nikos\OneDrive\Documents\Help\Working\Output\Website\styles\branding-Help1.css
C:\Program Files (x86)\EWSoftware\Sandcastle Help File Builder\PresentationStyles\VS2013\styles\branding-HelpViewer.css -&gt; C:\Users\Nikos\OneDrive\Documents\Help\Working\Output\Website\styles\branding-HelpViewer.css
C:\Program Files (x86)\EWSoftware\Sandcastle Help File Builder\PresentationStyles\VS2013\styles\branding-it-IT.css -&gt; C:\Users\Nikos\OneDrive\Documents\Help\Working\Output\Website\styles\branding-it-IT.css
C:\Program Files (x86)\EWSoftware\Sandcastle Help File Builder\PresentationStyles\VS2013\styles\branding-ja-JP.css -&gt; C:\Users\Nikos\OneDrive\Documents\Help\Working\Output\Website\styles\branding-ja-JP.css
C:\Program Files (x86)\EWSoftware\Sandcastle Help File Builder\PresentationStyles\VS2013\styles\branding-ko-KR.css -&gt; C:\Users\Nikos\OneDrive\Documents\Help\Working\Output\Website\styles\branding-ko-KR.css
C:\Program Files (x86)\EWSoftware\Sandcastle Help File Builder\PresentationStyles\VS2013\styles\branding-pl-PL.css -&gt; C:\Users\Nikos\OneDrive\Documents\Help\Working\Output\Website\styles\branding-pl-PL.css
C:\Program Files (x86)\EWSoftware\Sandcastle Help File Builder\PresentationStyles\VS2013\styles\branding-pt-BR.css -&gt; C:\Users\Nikos\OneDrive\Documents\Help\Working\Output\Website\styles\branding-pt-BR.css
C:\Program Files (x86)\EWSoftware\Sandcastle Help File Builder\PresentationStyles\VS2013\styles\branding-ru-RU.css -&gt; C:\Users\Nikos\OneDrive\Documents\Help\Working\Output\Website\styles\branding-ru-RU.css
C:\Program Files (x86)\EWSoftware\Sandcastle Help File Builder\PresentationStyles\VS2013\styles\branding-tr-TR.css -&gt; C:\Users\Nikos\OneDrive\Documents\Help\Working\Output\Website\styles\branding-tr-TR.css
C:\Program Files (x86)\EWSoftware\Sandcastle Help File Builder\PresentationStyles\VS2013\styles\branding-Website.css -&gt; C:\Users\Nikos\OneDrive\Documents\Help\Working\Output\Website\styles\branding-Website.css
C:\Program Files (x86)\EWSoftware\Sandcastle Help File Builder\PresentationStyles\VS2013\styles\branding-zh-CN.css -&gt; C:\Users\Nikos\OneDrive\Documents\Help\Working\Output\Website\styles\branding-zh-CN.css
C:\Program Files (x86)\EWSoftware\Sandcastle Help File Builder\PresentationStyles\VS2013\styles\branding-zh-TW.css -&gt; C:\Users\Nikos\OneDrive\Documents\Help\Working\Output\Website\styles\branding-zh-TW.css
C:\Program Files (x86)\EWSoftware\Sandcastle Help File Builder\PresentationStyles\VS2013\styles\branding.css -&gt; C:\Users\Nikos\OneDrive\Documents\Help\Working\Output\Website\styles\branding.css
C:\Program Files (x86)\EWSoftware\Sandcastle Help File Builder\PresentationStyles\VS2013\Web\index.html -&gt; C:\Users\Nikos\OneDrive\Documents\Help\Working\Output\Website\index.html
C:\Program Files (x86)\EWSoftware\Sandcastle Help File Builder\PresentationStyles\VS2013\Web\search.html -&gt; C:\Users\Nikos\OneDrive\Documents\Help\Working\Output\Website\search.html
C:\Program Files (x86)\EWSoftware\Sandcastle Help File Builder\PresentationStyles\VS2013\Web\SearchHelp.aspx -&gt; C:\Users\Nikos\OneDrive\Documents\Help\Working\Output\Website\SearchHelp.aspx
C:\Program Files (x86)\EWSoftware\Sandcastle Help File Builder\PresentationStyles\VS2013\Web\SearchHelp.inc.php -&gt; C:\Users\Nikos\OneDrive\Documents\Help\Working\Output\Website\SearchHelp.inc.php
C:\Program Files (x86)\EWSoftware\Sandcastle Help File Builder\PresentationStyles\VS2013\Web\SearchHelp.php -&gt; C:\Users\Nikos\OneDrive\Documents\Help\Working\Output\Website\SearchHelp.php
C:\Program Files (x86)\EWSoftware\Sandcastle Help File Builder\PresentationStyles\VS2013\Web\Web.Config -&gt; C:\Users\Nikos\OneDrive\Documents\Help\Working\Output\Website\Web.Config
C:\Program Files (x86)\EWSoftware\Sandcastle Help File Builder\PresentationStyles\VS2013\Web\icons\Search.png -&gt; C:\Users\Nikos\OneDrive\Documents\Help\Working\Output\Website\icons\Search.png
C:\Program Files (x86)\EWSoftware\Sandcastle Help File Builder\PresentationStyles\VS2013\Web\icons\TocClose.gif -&gt; C:\Users\Nikos\OneDrive\Documents\Help\Working\Output\Website\icons\TocClose.gif
C:\Program Files (x86)\EWSoftware\Sandcastle Help File Builder\PresentationStyles\VS2013\Web\icons\TocCollapsed.gif -&gt; C:\Users\Nikos\OneDrive\Documents\Help\Working\Output\Website\icons\TocCollapsed.gif
C:\Program Files (x86)\EWSoftware\Sandcastle Help File Builder\PresentationStyles\VS2013\Web\icons\TocExpanded.gif -&gt; C:\Users\Nikos\OneDrive\Documents\Help\Working\Output\Website\icons\TocExpanded.gif
C:\Program Files (x86)\EWSoftware\Sandcastle Help File Builder\PresentationStyles\VS2013\Web\icons\TocOpen.gif -&gt; C:\Users\Nikos\OneDrive\Documents\Help\Working\Output\Website\icons\TocOpen.gif
C:\Program Files (x86)\EWSoftware\Sandcastle Help File Builder\PresentationStyles\VS2013\Web\scripts\branding-Website.js -&gt; C:\Users\Nikos\OneDrive\Documents\Help\Working\Output\Website\scripts\branding-Website.js
C:\Program Files (x86)\EWSoftware\Sandcastle Help File Builder\PresentationStyles\VS2013\Web\scripts\jquery-1.11.0.min.js -&gt; C:\Users\Nikos\OneDrive\Documents\Help\Working\Output\Website\scripts\jquery-1.11.0.min.js
    Last step completed in 00:00:00.5785
</buildStep>
<buildStep step="GenerateHelpFormatTableOfContents">
Generating website table of contents file...
    Last step completed in 00:00:00.0010
</buildStep>
<buildStep step="GenerateFullTextIndex">
Generating full-text index for the website...

<plugIn name="Lightweight Website Style" behavior="After" priority="1000">
Adding lightweight search and TOC elements to each topic...
</plugIn>    Last step completed in 00:00:21.9178
</buildStep>
<buildStep step="CopyingWebsiteFiles">
Copying website files to output folder...

Copied 500 files
Copied 1000 files
Copied 1357 files for the website content
    Last step completed in 00:00:02.6916
</buildStep>
<buildStep step="CleanIntermediates">
Removing intermediate files...
    Last step completed in 00:00:00.6578
</buildStep>
<buildStep step="Completed">

Build completed successfully at 13/04/2016 03:25:24 PM.  Total time: 00:01:10.9535

</buildStep>
</shfbBuild>
